<?xml version="1.0" encoding="UTF-8"?>
<!-- Generated by org.testng.reporters.JUnitReportReporter -->
<testsuite hostname="Itctesting16" failures="0" tests="1" name="practice1.EbayPage1" time="129.486" errors="0" timestamp="2022-07-29T17:29:25 GMT+05:30" skipped="0">
  <testcase classname="practice1.EbayPage1" name="search" time="129.486"/>
  <system-out/>
</testsuite> <!-- practice1.EbayPage1 -->
